Using pre-set license
Built from '2020.3/staging' branch; Version is '2020.3.8f1 (507919d4fff5) revision 5273881'; Using compiler version '192528614'; Build Type 'Release'
OS: 'Windows 10 Home; OS build 19044.1826; Version 2009; 64bit' Language: 'en' Physical Memory: 24493 MB
BatchMode: 1, IsHumanControllingUs: 0, StartBugReporterOnCrash: 0, Is64bit: 1, IsPro: 0

 COMMAND LINE ARGUMENTS:
C:\Program Files\Unity\Hub\Editor\2020.3.8f1\Editor\Unity.exe
-adb2
-batchMode
-noUpm
-name
AssetImportWorker0
-projectPath
C:/Users/jacob/OneDrive/Desktop/BlackAndWhiteJam/BlackAndWhiteJam8
-logFile
Logs/AssetImportWorker0.log
-srvPort
51626
Successfully changed project path to: C:/Users/jacob/OneDrive/Desktop/BlackAndWhiteJam/BlackAndWhiteJam8
C:/Users/jacob/OneDrive/Desktop/BlackAndWhiteJam/BlackAndWhiteJam8
Using Asset Import Pipeline V2.
Refreshing native plugins compatible for Editor in 36.18 ms, found 3 plugins.
Preloading 0 native plugins for Editor in 0.00 ms.
Initialize engine version: 2020.3.8f1 (507919d4fff5)
[Subsystems] Discovering subsystems at path C:/Program Files/Unity/Hub/Editor/2020.3.8f1/Editor/Data/Resources/UnitySubsystems
[Subsystems] Discovering subsystems at path C:/Users/jacob/OneDrive/Desktop/BlackAndWhiteJam/BlackAndWhiteJam8/Assets
GfxDevice: creating device client; threaded=0
Direct3D:
    Version:  Direct3D 11.0 [level 11.1]
    Renderer: NVIDIA GeForce RTX 3060 Ti (ID=0x2486)
    Vendor:   
    VRAM:     8050 MB
    Driver:   31.0.15.1659
Initialize mono
Mono path[0] = 'C:/Program Files/Unity/Hub/Editor/2020.3.8f1/Editor/Data/Managed'
Mono path[1] = 'C:/Program Files/Unity/Hub/Editor/2020.3.8f1/Editor/Data/MonoBleedingEdge/lib/mono/unityjit'
Mono config path = 'C:/Program Files/Unity/Hub/Editor/2020.3.8f1/Editor/Data/MonoBleedingEdge/etc'
Using monoOptions --debugger-agent=transport=dt_socket,embedding=1,server=y,suspend=n,address=127.0.0.1:56244
Begin MonoManager ReloadAssembly
Registering precompiled unity dll's ...
Register platform support module: C:/Program Files/Unity/Hub/Editor/2020.3.8f1/Editor/Data/PlaybackEngines/WebGLSupport/UnityEditor.WebGL.Extensions.dll
Register platform support module: C:/Program Files/Unity/Hub/Editor/2020.3.8f1/Editor/Data/PlaybackEngines/WindowsStandaloneSupport/UnityEditor.WindowsStandalone.Extensions.dll
Registered in 0.001709 seconds.
Native extension for WindowsStandalone target not found
Native extension for WebGL target not found
Refreshing native plugins compatible for Editor in 35.89 ms, found 3 plugins.
Preloading 0 native plugins for Editor in 0.00 ms.
Mono: successfully reloaded assembly
- Completed reload, in  0.792 seconds
Platform modules already initialized, skipping
Registering precompiled user dll's ...
Registered in 0.003319 seconds.
Begin MonoManager ReloadAssembly
Native extension for WindowsStandalone target not found
Native extension for WebGL target not found
Refreshing native plugins compatible for Editor in 35.32 ms, found 3 plugins.
Preloading 0 native plugins for Editor in 0.00 ms.
Mono: successfully reloaded assembly
- Completed reload, in  0.787 seconds
Platform modules already initialized, skipping
========================================================================
Worker process is ready to serve import requests
Launched and connected shader compiler UnityShaderCompiler.exe after 0.03 seconds
Refreshing native plugins compatible for Editor in 0.53 ms, found 3 plugins.
Preloading 0 native plugins for Editor in 0.00 ms.
Unloading 2330 Unused Serialized files (Serialized files now loaded: 0)
System memory in use before: 103.2 MB.
System memory in use after: 102.2 MB.

Unloading 51 unused Assets to reduce memory usage. Loaded Objects now: 2745.
Total: 2.508900 ms (FindLiveObjects: 0.239500 ms CreateObjectMapping: 0.069300 ms MarkObjects: 1.804600 ms  DeleteObjects: 0.394900 ms)

========================================================================
Received Import Request.
  path: Assets
  artifactKey: Guid(00000000000000001000000000000000) Importer(815301076,1909f56bfc062723c751e8b465ee728b)
Start importing Assets using Guid(00000000000000001000000000000000) Importer(815301076,1909f56bfc062723c751e8b465ee728b)  -> (artifact id: '42d402b061de3733987d63b9cc3b64de') in 0.007149 seconds
  Import took 0.010697 seconds .

========================================================================
Received Import Request.
  Time since last request: 18.429618 seconds.
  path: Assets/Scenes
  artifactKey: Guid(cab2a716b7409184e9eecf02d0c9a5a5) Importer(815301076,1909f56bfc062723c751e8b465ee728b)
Start importing Assets/Scenes using Guid(cab2a716b7409184e9eecf02d0c9a5a5) Importer(815301076,1909f56bfc062723c751e8b465ee728b)  -> (artifact id: 'b3587393e0c4cba51f84ca08894b8703') in 0.005335 seconds
  Import took 0.009296 seconds .

========================================================================
Received Import Request.
  Time since last request: 0.824171 seconds.
  path: Assets/Scenes/MainMenu.unity
  artifactKey: Guid(5a51b8c48bd971642874e9e1c9d80dea) Importer(815301076,1909f56bfc062723c751e8b465ee728b)
Start importing Assets/Scenes/MainMenu.unity using Guid(5a51b8c48bd971642874e9e1c9d80dea) Importer(815301076,1909f56bfc062723c751e8b465ee728b)  -> (artifact id: '23d36c2e2bee5a9ba60c9b08e36e48fc') in 0.011294 seconds
  Import took 0.014426 seconds .

========================================================================
Received Prepare
Registering precompiled user dll's ...
Registered in 0.003511 seconds.
Begin MonoManager ReloadAssembly
Native extension for WindowsStandalone target not found
Native extension for WebGL target not found
Refreshing native plugins compatible for Editor in 0.55 ms, found 3 plugins.
Preloading 0 native plugins for Editor in 0.00 ms.
Mono: successfully reloaded assembly
- Completed reload, in  0.767 seconds
Platform modules already initialized, skipping
Refreshing native plugins compatible for Editor in 0.52 ms, found 3 plugins.
Preloading 0 native plugins for Editor in 0.00 ms.
Unloading 2325 Unused Serialized files (Serialized files now loaded: 0)
System memory in use before: 103.3 MB.
System memory in use after: 102.3 MB.

Unloading 39 unused Assets to reduce memory usage. Loaded Objects now: 2748.
Total: 2.643900 ms (FindLiveObjects: 0.197900 ms CreateObjectMapping: 0.069400 ms MarkObjects: 1.876600 ms  DeleteObjects: 0.499300 ms)

========================================================================
Received Import Request.
  Time since last request: 77.046217 seconds.
  path: Assets/Scenes/Level_1 2.unity
  artifactKey: Guid(9ccf576f35c3b054fbb1f24809daeace) Importer(815301076,1909f56bfc062723c751e8b465ee728b)
Start importing Assets/Scenes/Level_1 2.unity using Guid(9ccf576f35c3b054fbb1f24809daeace) Importer(815301076,1909f56bfc062723c751e8b465ee728b)  -> (artifact id: '0fb9597acf99b49003780cad9522d738') in 0.013320 seconds
  Import took 0.016719 seconds .

========================================================================
Received Import Request.
  Time since last request: 5.997975 seconds.
  path: Assets/Scenes/Level_1 1.unity
  artifactKey: Guid(07ca0e6fd4eb7c849ae0a2d6943a3366) Importer(815301076,1909f56bfc062723c751e8b465ee728b)
Start importing Assets/Scenes/Level_1 1.unity using Guid(07ca0e6fd4eb7c849ae0a2d6943a3366) Importer(815301076,1909f56bfc062723c751e8b465ee728b)  -> (artifact id: 'ff93dd78c2591d1936b6ec81fb8b712d') in 0.005066 seconds
  Import took 0.008366 seconds .

========================================================================
Received Import Request.
  Time since last request: 2.940419 seconds.
  path: Assets/Scenes/End_Game.unity
  artifactKey: Guid(723f006dd82b05746bad344878c182a2) Importer(815301076,1909f56bfc062723c751e8b465ee728b)
Start importing Assets/Scenes/End_Game.unity using Guid(723f006dd82b05746bad344878c182a2) Importer(815301076,1909f56bfc062723c751e8b465ee728b)  -> (artifact id: '105b6b0524f45ce09a23f514b9e53e1c') in 0.004962 seconds
  Import took 0.007910 seconds .

========================================================================
Received Import Request.
  Time since last request: 3.786123 seconds.
  path: Assets/Scenes/Level_1.unity
  artifactKey: Guid(2cda990e2423bbf4892e6590ba056729) Importer(815301076,1909f56bfc062723c751e8b465ee728b)
Start importing Assets/Scenes/Level_1.unity using Guid(2cda990e2423bbf4892e6590ba056729) Importer(815301076,1909f56bfc062723c751e8b465ee728b)  -> (artifact id: 'fd1dc67809bbbb16a1b2a161d41a99a3') in 0.004868 seconds
  Import took 0.007670 seconds .

========================================================================
Received Prepare
Registering precompiled user dll's ...
Registered in 0.476633 seconds.
Begin MonoManager ReloadAssembly
Native extension for WindowsStandalone target not found
Native extension for WebGL target not found
Refreshing native plugins compatible for Editor in 0.53 ms, found 3 plugins.
Preloading 0 native plugins for Editor in 0.00 ms.
Mono: successfully reloaded assembly
- Completed reload, in  5.460 seconds
Platform modules already initialized, skipping
Refreshing native plugins compatible for Editor in 0.51 ms, found 3 plugins.
Preloading 0 native plugins for Editor in 0.00 ms.
Unloading 2325 Unused Serialized files (Serialized files now loaded: 0)
System memory in use before: 103.3 MB.
System memory in use after: 102.4 MB.

Unloading 39 unused Assets to reduce memory usage. Loaded Objects now: 2751.
Total: 2.574800 ms (FindLiveObjects: 0.200400 ms CreateObjectMapping: 0.081500 ms MarkObjects: 1.946700 ms  DeleteObjects: 0.345700 ms)

AssetImportWorkerClient::OnTransportError - code=2 error=End of file
